<?xml version="1.0" encoding="UTF-8"?>
<!-- Generated by org.testng.reporters.JUnitXMLReporter -->
<testsuite hostname="Kirsties-Air" ignored="6" name="Default test" tests="1" failures="0" timestamp="14 May 2019 18:31:51 GMT" time="20.462" errors="0">
  <testcase name="radioButtonMrSelection" time="6.937" classname="tests.EmailValidationTest"/>
  <testcase name="SignUp" time="0.0" classname="tests.EmailValidationTest">
    <ignored/>
  </testcase> <!-- SignUp -->
  <testcase name="AllRadioButtonBeforeselection" time="0.0" classname="tests.EmailValidationTest">
    <ignored/>
  </testcase> <!-- AllRadioButtonBeforeselection -->
  <testcase name="emailalreadyregistered" time="0.0" classname="tests.EmailValidationTest">
    <ignored/>
  </testcase> <!-- emailalreadyregistered -->
  <testcase name="invalidemail" time="0.0" classname="tests.EmailValidationTest">
    <ignored/>
  </testcase> <!-- invalidemail -->
  <testcase name="registervalidemail" time="0.0" classname="tests.EmailValidationTest">
    <ignored/>
  </testcase> <!-- registervalidemail -->
  <testcase name="radioButtonMrsSelection" time="0.0" classname="tests.EmailValidationTest">
    <ignored/>
  </testcase> <!-- radioButtonMrsSelection -->
</testsuite> <!-- Default test -->
