<?xml version="1.0" encoding="UTF-8"?>
<!-- Generated by org.testng.reporters.JUnitXMLReporter -->
<testsuite hostname="Kirsties-Air" ignored="6" name="Default test" tests="1" failures="0" timestamp="06 May 2019 11:36:55 GMT" time="61.681" errors="0">
  <testcase name="searchbuttonclicklimit" time="40.71" classname="tests.SearchFunctionValidationTest"/>
  <testcase name="placeholdertext" time="0.0" classname="tests.SearchFunctionValidationTest">
    <ignored/>
  </testcase> <!-- placeholdertext -->
  <testcase name="searchboxmincharacters" time="0.0" classname="tests.SearchFunctionValidationTest">
    <ignored/>
  </testcase> <!-- searchboxmincharacters -->
  <testcase name="searchboxmaxcharacters" time="0.0" classname="tests.SearchFunctionValidationTest">
    <ignored/>
  </testcase> <!-- searchboxmaxcharacters -->
  <testcase name="ValidCharacters" time="0.0" classname="tests.SearchFunctionValidationTest">
    <ignored/>
  </testcase> <!-- ValidCharacters -->
  <testcase name="InValidCharacters" time="0.0" classname="tests.SearchFunctionValidationTest">
    <ignored/>
  </testcase> <!-- InValidCharacters -->
  <testcase name="SearchNoCharacters" time="0.0" classname="tests.SearchFunctionValidationTest">
    <ignored/>
  </testcase> <!-- SearchNoCharacters -->
</testsuite> <!-- Default test -->
