<?xml version="1.0" encoding="UTF-8"?>
<!-- Generated by org.testng.reporters.JUnitXMLReporter -->
<testsuite hostname="Kirsties-Air" ignored="3" name="Search Function" tests="4" failures="0" timestamp="05 May 2019 13:24:01 GMT" time="34.256" errors="0">
  <testcase name="placeholdertext" time="2.318" classname="tests.SearchFunctionValidation"/>
  <testcase name="SearchNoCharacters" time="3.316" classname="tests.SearchFunctionValidation"/>
  <testcase name="InValidCharacters" time="3.585" classname="tests.SearchFunctionValidation"/>
  <testcase name="ValidCharacters" time="3.655" classname="tests.SearchFunctionValidation"/>
  <testcase name="searchbuttonclicklimit" time="0.0" classname="tests.SearchFunctionValidation">
    <ignored/>
  </testcase> <!-- searchbuttonclicklimit -->
  <testcase name="searchboxmaxcharacters" time="0.0" classname="tests.SearchFunctionValidation">
    <ignored/>
  </testcase> <!-- searchboxmaxcharacters -->
  <testcase name="searchboxmincharacters" time="0.0" classname="tests.SearchFunctionValidation">
    <ignored/>
  </testcase> <!-- searchboxmincharacters -->
</testsuite> <!-- Search Function -->
